Symlinking /home/jrv/Research/RoboticArcitecture/abb_experimental_ws/devel/lib/pkgconfig/rosserial_mbed.pc
Symlinking /home/jrv/Research/RoboticArcitecture/abb_experimental_ws/devel/lib/python2.7/dist-packages/rosserial_mbed/__init__.py
Symlinking /home/jrv/Research/RoboticArcitecture/abb_experimental_ws/devel/lib/python2.7/dist-packages/rosserial_mbed/srv/__init__.py
Symlinking /home/jrv/Research/RoboticArcitecture/abb_experimental_ws/devel/lib/python2.7/dist-packages/rosserial_mbed/srv/_Test.py
Symlinking /home/jrv/Research/RoboticArcitecture/abb_experimental_ws/devel/lib/python2.7/dist-packages/rosserial_mbed/msg/__init__.py
Symlinking /home/jrv/Research/RoboticArcitecture/abb_experimental_ws/devel/lib/python2.7/dist-packages/rosserial_mbed/msg/_Adc.py
Symlinking /home/jrv/Research/RoboticArcitecture/abb_experimental_ws/devel/include/rosserial_mbed/Test.h
Symlinking /home/jrv/Research/RoboticArcitecture/abb_experimental_ws/devel/include/rosserial_mbed/TestRequest.h
Symlinking /home/jrv/Research/RoboticArcitecture/abb_experimental_ws/devel/include/rosserial_mbed/TestResponse.h
Symlinking /home/jrv/Research/RoboticArcitecture/abb_experimental_ws/devel/include/rosserial_mbed/Adc.h
Symlinking /home/jrv/Research/RoboticArcitecture/abb_experimental_ws/devel/share/common-lisp/ros/rosserial_mbed/srv/rosserial_mbed-srv.asd
Symlinking /home/jrv/Research/RoboticArcitecture/abb_experimental_ws/devel/share/common-lisp/ros/rosserial_mbed/srv/_package.lisp
Symlinking /home/jrv/Research/RoboticArcitecture/abb_experimental_ws/devel/share/common-lisp/ros/rosserial_mbed/srv/_package_Test.lisp
Symlinking /home/jrv/Research/RoboticArcitecture/abb_experimental_ws/devel/share/common-lisp/ros/rosserial_mbed/srv/Test.lisp
Symlinking /home/jrv/Research/RoboticArcitecture/abb_experimental_ws/devel/share/common-lisp/ros/rosserial_mbed/msg/rosserial_mbed-msg.asd
Symlinking /home/jrv/Research/RoboticArcitecture/abb_experimental_ws/devel/share/common-lisp/ros/rosserial_mbed/msg/_package.lisp
Symlinking /home/jrv/Research/RoboticArcitecture/abb_experimental_ws/devel/share/common-lisp/ros/rosserial_mbed/msg/_package_Adc.lisp
Symlinking /home/jrv/Research/RoboticArcitecture/abb_experimental_ws/devel/share/common-lisp/ros/rosserial_mbed/msg/Adc.lisp
Symlinking /home/jrv/Research/RoboticArcitecture/abb_experimental_ws/devel/share/gennodejs/ros/rosserial_mbed/_index.js
Symlinking /home/jrv/Research/RoboticArcitecture/abb_experimental_ws/devel/share/gennodejs/ros/rosserial_mbed/srv/Test.js
Symlinking /home/jrv/Research/RoboticArcitecture/abb_experimental_ws/devel/share/gennodejs/ros/rosserial_mbed/srv/_index.js
Symlinking /home/jrv/Research/RoboticArcitecture/abb_experimental_ws/devel/share/gennodejs/ros/rosserial_mbed/msg/_index.js
Symlinking /home/jrv/Research/RoboticArcitecture/abb_experimental_ws/devel/share/gennodejs/ros/rosserial_mbed/msg/Adc.js
Symlinking /home/jrv/Research/RoboticArcitecture/abb_experimental_ws/devel/share/roseus/ros/rosserial_mbed/manifest.l
Symlinking /home/jrv/Research/RoboticArcitecture/abb_experimental_ws/devel/share/roseus/ros/rosserial_mbed/srv/Test.l
Symlinking /home/jrv/Research/RoboticArcitecture/abb_experimental_ws/devel/share/roseus/ros/rosserial_mbed/msg/Adc.l
Symlinking /home/jrv/Research/RoboticArcitecture/abb_experimental_ws/devel/share/rosserial_mbed/cmake/rosserial_mbed-msg-paths.cmake
Symlinking /home/jrv/Research/RoboticArcitecture/abb_experimental_ws/devel/share/rosserial_mbed/cmake/rosserial_mbedConfig-version.cmake
Symlinking /home/jrv/Research/RoboticArcitecture/abb_experimental_ws/devel/share/rosserial_mbed/cmake/rosserial_mbed-msg-extras.cmake
Symlinking /home/jrv/Research/RoboticArcitecture/abb_experimental_ws/devel/share/rosserial_mbed/cmake/rosserial_mbedConfig.cmake
Cleaning: (/home/jrv/Research/RoboticArchitecture/abb_experimental_ws/devel/.private/rosserial_mbed/lib/pkgconfig/rosserial_mbed.pc, /home/jrv/Research/RoboticArchitecture/abb_experimental_ws/devel/lib/pkgconfig/rosserial_mbed.pc)
Cleaning: (/home/jrv/Research/RoboticArchitecture/abb_experimental_ws/devel/.private/rosserial_mbed/lib/python2.7/dist-packages/rosserial_mbed/__init__.py, /home/jrv/Research/RoboticArchitecture/abb_experimental_ws/devel/lib/python2.7/dist-packages/rosserial_mbed/__init__.py)
Cleaning: (/home/jrv/Research/RoboticArchitecture/abb_experimental_ws/devel/.private/rosserial_mbed/lib/python2.7/dist-packages/rosserial_mbed/srv/__init__.py, /home/jrv/Research/RoboticArchitecture/abb_experimental_ws/devel/lib/python2.7/dist-packages/rosserial_mbed/srv/__init__.py)
Cleaning: (/home/jrv/Research/RoboticArchitecture/abb_experimental_ws/devel/.private/rosserial_mbed/lib/python2.7/dist-packages/rosserial_mbed/srv/_Test.py, /home/jrv/Research/RoboticArchitecture/abb_experimental_ws/devel/lib/python2.7/dist-packages/rosserial_mbed/srv/_Test.py)
Cleaning: (/home/jrv/Research/RoboticArchitecture/abb_experimental_ws/devel/.private/rosserial_mbed/lib/python2.7/dist-packages/rosserial_mbed/msg/__init__.py, /home/jrv/Research/RoboticArchitecture/abb_experimental_ws/devel/lib/python2.7/dist-packages/rosserial_mbed/msg/__init__.py)
Cleaning: (/home/jrv/Research/RoboticArchitecture/abb_experimental_ws/devel/.private/rosserial_mbed/lib/python2.7/dist-packages/rosserial_mbed/msg/_Adc.py, /home/jrv/Research/RoboticArchitecture/abb_experimental_ws/devel/lib/python2.7/dist-packages/rosserial_mbed/msg/_Adc.py)
Cleaning: (/home/jrv/Research/RoboticArchitecture/abb_experimental_ws/devel/.private/rosserial_mbed/include/rosserial_mbed/Test.h, /home/jrv/Research/RoboticArchitecture/abb_experimental_ws/devel/include/rosserial_mbed/Test.h)
Cleaning: (/home/jrv/Research/RoboticArchitecture/abb_experimental_ws/devel/.private/rosserial_mbed/include/rosserial_mbed/TestRequest.h, /home/jrv/Research/RoboticArchitecture/abb_experimental_ws/devel/include/rosserial_mbed/TestRequest.h)
Cleaning: (/home/jrv/Research/RoboticArchitecture/abb_experimental_ws/devel/.private/rosserial_mbed/include/rosserial_mbed/TestResponse.h, /home/jrv/Research/RoboticArchitecture/abb_experimental_ws/devel/include/rosserial_mbed/TestResponse.h)
Cleaning: (/home/jrv/Research/RoboticArchitecture/abb_experimental_ws/devel/.private/rosserial_mbed/include/rosserial_mbed/Adc.h, /home/jrv/Research/RoboticArchitecture/abb_experimental_ws/devel/include/rosserial_mbed/Adc.h)
Cleaning: (/home/jrv/Research/RoboticArchitecture/abb_experimental_ws/devel/.private/rosserial_mbed/share/common-lisp/ros/rosserial_mbed/srv/rosserial_mbed-srv.asd, /home/jrv/Research/RoboticArchitecture/abb_experimental_ws/devel/share/common-lisp/ros/rosserial_mbed/srv/rosserial_mbed-srv.asd)
Cleaning: (/home/jrv/Research/RoboticArchitecture/abb_experimental_ws/devel/.private/rosserial_mbed/share/common-lisp/ros/rosserial_mbed/srv/_package.lisp, /home/jrv/Research/RoboticArchitecture/abb_experimental_ws/devel/share/common-lisp/ros/rosserial_mbed/srv/_package.lisp)
Cleaning: (/home/jrv/Research/RoboticArchitecture/abb_experimental_ws/devel/.private/rosserial_mbed/share/common-lisp/ros/rosserial_mbed/srv/_package_Test.lisp, /home/jrv/Research/RoboticArchitecture/abb_experimental_ws/devel/share/common-lisp/ros/rosserial_mbed/srv/_package_Test.lisp)
Cleaning: (/home/jrv/Research/RoboticArchitecture/abb_experimental_ws/devel/.private/rosserial_mbed/share/common-lisp/ros/rosserial_mbed/srv/Test.lisp, /home/jrv/Research/RoboticArchitecture/abb_experimental_ws/devel/share/common-lisp/ros/rosserial_mbed/srv/Test.lisp)
Cleaning: (/home/jrv/Research/RoboticArchitecture/abb_experimental_ws/devel/.private/rosserial_mbed/share/common-lisp/ros/rosserial_mbed/msg/rosserial_mbed-msg.asd, /home/jrv/Research/RoboticArchitecture/abb_experimental_ws/devel/share/common-lisp/ros/rosserial_mbed/msg/rosserial_mbed-msg.asd)
Cleaning: (/home/jrv/Research/RoboticArchitecture/abb_experimental_ws/devel/.private/rosserial_mbed/share/common-lisp/ros/rosserial_mbed/msg/_package.lisp, /home/jrv/Research/RoboticArchitecture/abb_experimental_ws/devel/share/common-lisp/ros/rosserial_mbed/msg/_package.lisp)
Cleaning: (/home/jrv/Research/RoboticArchitecture/abb_experimental_ws/devel/.private/rosserial_mbed/share/common-lisp/ros/rosserial_mbed/msg/_package_Adc.lisp, /home/jrv/Research/RoboticArchitecture/abb_experimental_ws/devel/share/common-lisp/ros/rosserial_mbed/msg/_package_Adc.lisp)
Cleaning: (/home/jrv/Research/RoboticArchitecture/abb_experimental_ws/devel/.private/rosserial_mbed/share/common-lisp/ros/rosserial_mbed/msg/Adc.lisp, /home/jrv/Research/RoboticArchitecture/abb_experimental_ws/devel/share/common-lisp/ros/rosserial_mbed/msg/Adc.lisp)
Cleaning: (/home/jrv/Research/RoboticArchitecture/abb_experimental_ws/devel/.private/rosserial_mbed/share/gennodejs/ros/rosserial_mbed/_index.js, /home/jrv/Research/RoboticArchitecture/abb_experimental_ws/devel/share/gennodejs/ros/rosserial_mbed/_index.js)
Cleaning: (/home/jrv/Research/RoboticArchitecture/abb_experimental_ws/devel/.private/rosserial_mbed/share/gennodejs/ros/rosserial_mbed/srv/Test.js, /home/jrv/Research/RoboticArchitecture/abb_experimental_ws/devel/share/gennodejs/ros/rosserial_mbed/srv/Test.js)
Cleaning: (/home/jrv/Research/RoboticArchitecture/abb_experimental_ws/devel/.private/rosserial_mbed/share/gennodejs/ros/rosserial_mbed/srv/_index.js, /home/jrv/Research/RoboticArchitecture/abb_experimental_ws/devel/share/gennodejs/ros/rosserial_mbed/srv/_index.js)
Cleaning: (/home/jrv/Research/RoboticArchitecture/abb_experimental_ws/devel/.private/rosserial_mbed/share/gennodejs/ros/rosserial_mbed/msg/_index.js, /home/jrv/Research/RoboticArchitecture/abb_experimental_ws/devel/share/gennodejs/ros/rosserial_mbed/msg/_index.js)
Cleaning: (/home/jrv/Research/RoboticArchitecture/abb_experimental_ws/devel/.private/rosserial_mbed/share/gennodejs/ros/rosserial_mbed/msg/Adc.js, /home/jrv/Research/RoboticArchitecture/abb_experimental_ws/devel/share/gennodejs/ros/rosserial_mbed/msg/Adc.js)
Cleaning: (/home/jrv/Research/RoboticArchitecture/abb_experimental_ws/devel/.private/rosserial_mbed/share/roseus/ros/rosserial_mbed/manifest.l, /home/jrv/Research/RoboticArchitecture/abb_experimental_ws/devel/share/roseus/ros/rosserial_mbed/manifest.l)
Cleaning: (/home/jrv/Research/RoboticArchitecture/abb_experimental_ws/devel/.private/rosserial_mbed/share/roseus/ros/rosserial_mbed/srv/Test.l, /home/jrv/Research/RoboticArchitecture/abb_experimental_ws/devel/share/roseus/ros/rosserial_mbed/srv/Test.l)
Cleaning: (/home/jrv/Research/RoboticArchitecture/abb_experimental_ws/devel/.private/rosserial_mbed/share/roseus/ros/rosserial_mbed/msg/Adc.l, /home/jrv/Research/RoboticArchitecture/abb_experimental_ws/devel/share/roseus/ros/rosserial_mbed/msg/Adc.l)
Cleaning: (/home/jrv/Research/RoboticArchitecture/abb_experimental_ws/devel/.private/rosserial_mbed/share/rosserial_mbed/cmake/rosserial_mbed-msg-paths.cmake, /home/jrv/Research/RoboticArchitecture/abb_experimental_ws/devel/share/rosserial_mbed/cmake/rosserial_mbed-msg-paths.cmake)
Cleaning: (/home/jrv/Research/RoboticArchitecture/abb_experimental_ws/devel/.private/rosserial_mbed/share/rosserial_mbed/cmake/rosserial_mbedConfig-version.cmake, /home/jrv/Research/RoboticArchitecture/abb_experimental_ws/devel/share/rosserial_mbed/cmake/rosserial_mbedConfig-version.cmake)
Cleaning: (/home/jrv/Research/RoboticArchitecture/abb_experimental_ws/devel/.private/rosserial_mbed/share/rosserial_mbed/cmake/rosserial_mbed-msg-extras.cmake, /home/jrv/Research/RoboticArchitecture/abb_experimental_ws/devel/share/rosserial_mbed/cmake/rosserial_mbed-msg-extras.cmake)
Cleaning: (/home/jrv/Research/RoboticArchitecture/abb_experimental_ws/devel/.private/rosserial_mbed/share/rosserial_mbed/cmake/rosserial_mbedConfig.cmake, /home/jrv/Research/RoboticArchitecture/abb_experimental_ws/devel/share/rosserial_mbed/cmake/rosserial_mbedConfig.cmake)
Unlinking: /home/jrv/Research/RoboticArchitecture/abb_experimental_ws/devel/lib/pkgconfig/rosserial_mbed.pc
Already unlinked: {}
Unlinking: /home/jrv/Research/RoboticArchitecture/abb_experimental_ws/devel/lib/python2.7/dist-packages/rosserial_mbed/__init__.py
Already unlinked: {}
Unlinking: /home/jrv/Research/RoboticArchitecture/abb_experimental_ws/devel/lib/python2.7/dist-packages/rosserial_mbed/srv/__init__.py
Already unlinked: {}
Unlinking: /home/jrv/Research/RoboticArchitecture/abb_experimental_ws/devel/lib/python2.7/dist-packages/rosserial_mbed/srv/_Test.py
Already unlinked: {}
Unlinking: /home/jrv/Research/RoboticArchitecture/abb_experimental_ws/devel/lib/python2.7/dist-packages/rosserial_mbed/msg/__init__.py
Already unlinked: {}
Unlinking: /home/jrv/Research/RoboticArchitecture/abb_experimental_ws/devel/lib/python2.7/dist-packages/rosserial_mbed/msg/_Adc.py
Already unlinked: {}
Unlinking: /home/jrv/Research/RoboticArchitecture/abb_experimental_ws/devel/include/rosserial_mbed/Test.h
Already unlinked: {}
Unlinking: /home/jrv/Research/RoboticArchitecture/abb_experimental_ws/devel/include/rosserial_mbed/TestRequest.h
Already unlinked: {}
Unlinking: /home/jrv/Research/RoboticArchitecture/abb_experimental_ws/devel/include/rosserial_mbed/TestResponse.h
Already unlinked: {}
Unlinking: /home/jrv/Research/RoboticArchitecture/abb_experimental_ws/devel/include/rosserial_mbed/Adc.h
Already unlinked: {}
Unlinking: /home/jrv/Research/RoboticArchitecture/abb_experimental_ws/devel/share/common-lisp/ros/rosserial_mbed/srv/rosserial_mbed-srv.asd
Already unlinked: {}
Unlinking: /home/jrv/Research/RoboticArchitecture/abb_experimental_ws/devel/share/common-lisp/ros/rosserial_mbed/srv/_package.lisp
Already unlinked: {}
Unlinking: /home/jrv/Research/RoboticArchitecture/abb_experimental_ws/devel/share/common-lisp/ros/rosserial_mbed/srv/_package_Test.lisp
Already unlinked: {}
Unlinking: /home/jrv/Research/RoboticArchitecture/abb_experimental_ws/devel/share/common-lisp/ros/rosserial_mbed/srv/Test.lisp
Already unlinked: {}
Unlinking: /home/jrv/Research/RoboticArchitecture/abb_experimental_ws/devel/share/common-lisp/ros/rosserial_mbed/msg/rosserial_mbed-msg.asd
Already unlinked: {}
Unlinking: /home/jrv/Research/RoboticArchitecture/abb_experimental_ws/devel/share/common-lisp/ros/rosserial_mbed/msg/_package.lisp
Already unlinked: {}
Unlinking: /home/jrv/Research/RoboticArchitecture/abb_experimental_ws/devel/share/common-lisp/ros/rosserial_mbed/msg/_package_Adc.lisp
Already unlinked: {}
Unlinking: /home/jrv/Research/RoboticArchitecture/abb_experimental_ws/devel/share/common-lisp/ros/rosserial_mbed/msg/Adc.lisp
Already unlinked: {}
Unlinking: /home/jrv/Research/RoboticArchitecture/abb_experimental_ws/devel/share/gennodejs/ros/rosserial_mbed/_index.js
Already unlinked: {}
Unlinking: /home/jrv/Research/RoboticArchitecture/abb_experimental_ws/devel/share/gennodejs/ros/rosserial_mbed/srv/Test.js
Already unlinked: {}
Unlinking: /home/jrv/Research/RoboticArchitecture/abb_experimental_ws/devel/share/gennodejs/ros/rosserial_mbed/srv/_index.js
Already unlinked: {}
Unlinking: /home/jrv/Research/RoboticArchitecture/abb_experimental_ws/devel/share/gennodejs/ros/rosserial_mbed/msg/_index.js
Already unlinked: {}
Unlinking: /home/jrv/Research/RoboticArchitecture/abb_experimental_ws/devel/share/gennodejs/ros/rosserial_mbed/msg/Adc.js
Already unlinked: {}
Unlinking: /home/jrv/Research/RoboticArchitecture/abb_experimental_ws/devel/share/roseus/ros/rosserial_mbed/manifest.l
Already unlinked: {}
Unlinking: /home/jrv/Research/RoboticArchitecture/abb_experimental_ws/devel/share/roseus/ros/rosserial_mbed/srv/Test.l
Already unlinked: {}
Unlinking: /home/jrv/Research/RoboticArchitecture/abb_experimental_ws/devel/share/roseus/ros/rosserial_mbed/msg/Adc.l
Already unlinked: {}
Unlinking: /home/jrv/Research/RoboticArchitecture/abb_experimental_ws/devel/share/rosserial_mbed/cmake/rosserial_mbed-msg-paths.cmake
Already unlinked: {}
Unlinking: /home/jrv/Research/RoboticArchitecture/abb_experimental_ws/devel/share/rosserial_mbed/cmake/rosserial_mbedConfig-version.cmake
Already unlinked: {}
Unlinking: /home/jrv/Research/RoboticArchitecture/abb_experimental_ws/devel/share/rosserial_mbed/cmake/rosserial_mbed-msg-extras.cmake
Already unlinked: {}
Unlinking: /home/jrv/Research/RoboticArchitecture/abb_experimental_ws/devel/share/rosserial_mbed/cmake/rosserial_mbedConfig.cmake
Already unlinked: {}
