Symlinking /home/jrv/Research/RoboticArcitecture/abb_experimental_ws/devel/lib/pkgconfig/rosserial_msgs.pc
Symlinking /home/jrv/Research/RoboticArcitecture/abb_experimental_ws/devel/lib/python2.7/dist-packages/rosserial_msgs/__init__.py
Symlinking /home/jrv/Research/RoboticArcitecture/abb_experimental_ws/devel/lib/python2.7/dist-packages/rosserial_msgs/srv/_RequestServiceInfo.py
Symlinking /home/jrv/Research/RoboticArcitecture/abb_experimental_ws/devel/lib/python2.7/dist-packages/rosserial_msgs/srv/_RequestMessageInfo.py
Symlinking /home/jrv/Research/RoboticArcitecture/abb_experimental_ws/devel/lib/python2.7/dist-packages/rosserial_msgs/srv/__init__.py
Symlinking /home/jrv/Research/RoboticArcitecture/abb_experimental_ws/devel/lib/python2.7/dist-packages/rosserial_msgs/srv/_RequestParam.py
Symlinking /home/jrv/Research/RoboticArcitecture/abb_experimental_ws/devel/lib/python2.7/dist-packages/rosserial_msgs/msg/__init__.py
Symlinking /home/jrv/Research/RoboticArcitecture/abb_experimental_ws/devel/lib/python2.7/dist-packages/rosserial_msgs/msg/_TopicInfo.py
Symlinking /home/jrv/Research/RoboticArcitecture/abb_experimental_ws/devel/lib/python2.7/dist-packages/rosserial_msgs/msg/_Log.py
Symlinking /home/jrv/Research/RoboticArcitecture/abb_experimental_ws/devel/include/rosserial_msgs/Log.h
Symlinking /home/jrv/Research/RoboticArcitecture/abb_experimental_ws/devel/include/rosserial_msgs/RequestMessageInfoResponse.h
Symlinking /home/jrv/Research/RoboticArcitecture/abb_experimental_ws/devel/include/rosserial_msgs/RequestParamResponse.h
Symlinking /home/jrv/Research/RoboticArcitecture/abb_experimental_ws/devel/include/rosserial_msgs/RequestServiceInfoRequest.h
Symlinking /home/jrv/Research/RoboticArcitecture/abb_experimental_ws/devel/include/rosserial_msgs/RequestMessageInfoRequest.h
Symlinking /home/jrv/Research/RoboticArcitecture/abb_experimental_ws/devel/include/rosserial_msgs/RequestServiceInfoResponse.h
Symlinking /home/jrv/Research/RoboticArcitecture/abb_experimental_ws/devel/include/rosserial_msgs/RequestServiceInfo.h
Symlinking /home/jrv/Research/RoboticArcitecture/abb_experimental_ws/devel/include/rosserial_msgs/RequestParam.h
Symlinking /home/jrv/Research/RoboticArcitecture/abb_experimental_ws/devel/include/rosserial_msgs/TopicInfo.h
Symlinking /home/jrv/Research/RoboticArcitecture/abb_experimental_ws/devel/include/rosserial_msgs/RequestParamRequest.h
Symlinking /home/jrv/Research/RoboticArcitecture/abb_experimental_ws/devel/include/rosserial_msgs/RequestMessageInfo.h
Symlinking /home/jrv/Research/RoboticArcitecture/abb_experimental_ws/devel/share/common-lisp/ros/rosserial_msgs/srv/RequestMessageInfo.lisp
Symlinking /home/jrv/Research/RoboticArcitecture/abb_experimental_ws/devel/share/common-lisp/ros/rosserial_msgs/srv/rosserial_msgs-srv.asd
Symlinking /home/jrv/Research/RoboticArcitecture/abb_experimental_ws/devel/share/common-lisp/ros/rosserial_msgs/srv/_package.lisp
Symlinking /home/jrv/Research/RoboticArcitecture/abb_experimental_ws/devel/share/common-lisp/ros/rosserial_msgs/srv/_package_RequestServiceInfo.lisp
Symlinking /home/jrv/Research/RoboticArcitecture/abb_experimental_ws/devel/share/common-lisp/ros/rosserial_msgs/srv/_package_RequestMessageInfo.lisp
Symlinking /home/jrv/Research/RoboticArcitecture/abb_experimental_ws/devel/share/common-lisp/ros/rosserial_msgs/srv/_package_RequestParam.lisp
Symlinking /home/jrv/Research/RoboticArcitecture/abb_experimental_ws/devel/share/common-lisp/ros/rosserial_msgs/srv/RequestParam.lisp
Symlinking /home/jrv/Research/RoboticArcitecture/abb_experimental_ws/devel/share/common-lisp/ros/rosserial_msgs/srv/RequestServiceInfo.lisp
Symlinking /home/jrv/Research/RoboticArcitecture/abb_experimental_ws/devel/share/common-lisp/ros/rosserial_msgs/msg/TopicInfo.lisp
Symlinking /home/jrv/Research/RoboticArcitecture/abb_experimental_ws/devel/share/common-lisp/ros/rosserial_msgs/msg/_package_Log.lisp
Symlinking /home/jrv/Research/RoboticArcitecture/abb_experimental_ws/devel/share/common-lisp/ros/rosserial_msgs/msg/rosserial_msgs-msg.asd
Symlinking /home/jrv/Research/RoboticArcitecture/abb_experimental_ws/devel/share/common-lisp/ros/rosserial_msgs/msg/_package.lisp
Symlinking /home/jrv/Research/RoboticArcitecture/abb_experimental_ws/devel/share/common-lisp/ros/rosserial_msgs/msg/Log.lisp
Symlinking /home/jrv/Research/RoboticArcitecture/abb_experimental_ws/devel/share/common-lisp/ros/rosserial_msgs/msg/_package_TopicInfo.lisp
Symlinking /home/jrv/Research/RoboticArcitecture/abb_experimental_ws/devel/share/gennodejs/ros/rosserial_msgs/_index.js
Symlinking /home/jrv/Research/RoboticArcitecture/abb_experimental_ws/devel/share/gennodejs/ros/rosserial_msgs/srv/RequestMessageInfo.js
Symlinking /home/jrv/Research/RoboticArcitecture/abb_experimental_ws/devel/share/gennodejs/ros/rosserial_msgs/srv/RequestParam.js
Symlinking /home/jrv/Research/RoboticArcitecture/abb_experimental_ws/devel/share/gennodejs/ros/rosserial_msgs/srv/_index.js
Symlinking /home/jrv/Research/RoboticArcitecture/abb_experimental_ws/devel/share/gennodejs/ros/rosserial_msgs/srv/RequestServiceInfo.js
Symlinking /home/jrv/Research/RoboticArcitecture/abb_experimental_ws/devel/share/gennodejs/ros/rosserial_msgs/msg/_index.js
Symlinking /home/jrv/Research/RoboticArcitecture/abb_experimental_ws/devel/share/gennodejs/ros/rosserial_msgs/msg/Log.js
Symlinking /home/jrv/Research/RoboticArcitecture/abb_experimental_ws/devel/share/gennodejs/ros/rosserial_msgs/msg/TopicInfo.js
Symlinking /home/jrv/Research/RoboticArcitecture/abb_experimental_ws/devel/share/roseus/ros/rosserial_msgs/manifest.l
Symlinking /home/jrv/Research/RoboticArcitecture/abb_experimental_ws/devel/share/roseus/ros/rosserial_msgs/srv/RequestServiceInfo.l
Symlinking /home/jrv/Research/RoboticArcitecture/abb_experimental_ws/devel/share/roseus/ros/rosserial_msgs/srv/RequestParam.l
Symlinking /home/jrv/Research/RoboticArcitecture/abb_experimental_ws/devel/share/roseus/ros/rosserial_msgs/srv/RequestMessageInfo.l
Symlinking /home/jrv/Research/RoboticArcitecture/abb_experimental_ws/devel/share/roseus/ros/rosserial_msgs/msg/Log.l
Symlinking /home/jrv/Research/RoboticArcitecture/abb_experimental_ws/devel/share/roseus/ros/rosserial_msgs/msg/TopicInfo.l
Symlinking /home/jrv/Research/RoboticArcitecture/abb_experimental_ws/devel/share/rosserial_msgs/cmake/rosserial_msgsConfig.cmake
Symlinking /home/jrv/Research/RoboticArcitecture/abb_experimental_ws/devel/share/rosserial_msgs/cmake/rosserial_msgsConfig-version.cmake
Symlinking /home/jrv/Research/RoboticArcitecture/abb_experimental_ws/devel/share/rosserial_msgs/cmake/rosserial_msgs-msg-extras.cmake
Symlinking /home/jrv/Research/RoboticArcitecture/abb_experimental_ws/devel/share/rosserial_msgs/cmake/rosserial_msgs-msg-paths.cmake
Cleaning: (/home/jrv/Research/RoboticArchitecture/abb_experimental_ws/devel/.private/rosserial_msgs/lib/pkgconfig/rosserial_msgs.pc, /home/jrv/Research/RoboticArchitecture/abb_experimental_ws/devel/lib/pkgconfig/rosserial_msgs.pc)
Cleaning: (/home/jrv/Research/RoboticArchitecture/abb_experimental_ws/devel/.private/rosserial_msgs/lib/python2.7/dist-packages/rosserial_msgs/__init__.py, /home/jrv/Research/RoboticArchitecture/abb_experimental_ws/devel/lib/python2.7/dist-packages/rosserial_msgs/__init__.py)
Cleaning: (/home/jrv/Research/RoboticArchitecture/abb_experimental_ws/devel/.private/rosserial_msgs/lib/python2.7/dist-packages/rosserial_msgs/srv/_RequestServiceInfo.py, /home/jrv/Research/RoboticArchitecture/abb_experimental_ws/devel/lib/python2.7/dist-packages/rosserial_msgs/srv/_RequestServiceInfo.py)
Cleaning: (/home/jrv/Research/RoboticArchitecture/abb_experimental_ws/devel/.private/rosserial_msgs/lib/python2.7/dist-packages/rosserial_msgs/srv/_RequestMessageInfo.py, /home/jrv/Research/RoboticArchitecture/abb_experimental_ws/devel/lib/python2.7/dist-packages/rosserial_msgs/srv/_RequestMessageInfo.py)
Cleaning: (/home/jrv/Research/RoboticArchitecture/abb_experimental_ws/devel/.private/rosserial_msgs/lib/python2.7/dist-packages/rosserial_msgs/srv/__init__.py, /home/jrv/Research/RoboticArchitecture/abb_experimental_ws/devel/lib/python2.7/dist-packages/rosserial_msgs/srv/__init__.py)
Cleaning: (/home/jrv/Research/RoboticArchitecture/abb_experimental_ws/devel/.private/rosserial_msgs/lib/python2.7/dist-packages/rosserial_msgs/srv/_RequestParam.py, /home/jrv/Research/RoboticArchitecture/abb_experimental_ws/devel/lib/python2.7/dist-packages/rosserial_msgs/srv/_RequestParam.py)
Cleaning: (/home/jrv/Research/RoboticArchitecture/abb_experimental_ws/devel/.private/rosserial_msgs/lib/python2.7/dist-packages/rosserial_msgs/msg/__init__.py, /home/jrv/Research/RoboticArchitecture/abb_experimental_ws/devel/lib/python2.7/dist-packages/rosserial_msgs/msg/__init__.py)
Cleaning: (/home/jrv/Research/RoboticArchitecture/abb_experimental_ws/devel/.private/rosserial_msgs/lib/python2.7/dist-packages/rosserial_msgs/msg/_TopicInfo.py, /home/jrv/Research/RoboticArchitecture/abb_experimental_ws/devel/lib/python2.7/dist-packages/rosserial_msgs/msg/_TopicInfo.py)
Cleaning: (/home/jrv/Research/RoboticArchitecture/abb_experimental_ws/devel/.private/rosserial_msgs/lib/python2.7/dist-packages/rosserial_msgs/msg/_Log.py, /home/jrv/Research/RoboticArchitecture/abb_experimental_ws/devel/lib/python2.7/dist-packages/rosserial_msgs/msg/_Log.py)
Cleaning: (/home/jrv/Research/RoboticArchitecture/abb_experimental_ws/devel/.private/rosserial_msgs/include/rosserial_msgs/Log.h, /home/jrv/Research/RoboticArchitecture/abb_experimental_ws/devel/include/rosserial_msgs/Log.h)
Cleaning: (/home/jrv/Research/RoboticArchitecture/abb_experimental_ws/devel/.private/rosserial_msgs/include/rosserial_msgs/RequestMessageInfoResponse.h, /home/jrv/Research/RoboticArchitecture/abb_experimental_ws/devel/include/rosserial_msgs/RequestMessageInfoResponse.h)
Cleaning: (/home/jrv/Research/RoboticArchitecture/abb_experimental_ws/devel/.private/rosserial_msgs/include/rosserial_msgs/RequestParamResponse.h, /home/jrv/Research/RoboticArchitecture/abb_experimental_ws/devel/include/rosserial_msgs/RequestParamResponse.h)
Cleaning: (/home/jrv/Research/RoboticArchitecture/abb_experimental_ws/devel/.private/rosserial_msgs/include/rosserial_msgs/RequestServiceInfoRequest.h, /home/jrv/Research/RoboticArchitecture/abb_experimental_ws/devel/include/rosserial_msgs/RequestServiceInfoRequest.h)
Cleaning: (/home/jrv/Research/RoboticArchitecture/abb_experimental_ws/devel/.private/rosserial_msgs/include/rosserial_msgs/RequestMessageInfoRequest.h, /home/jrv/Research/RoboticArchitecture/abb_experimental_ws/devel/include/rosserial_msgs/RequestMessageInfoRequest.h)
Cleaning: (/home/jrv/Research/RoboticArchitecture/abb_experimental_ws/devel/.private/rosserial_msgs/include/rosserial_msgs/RequestServiceInfoResponse.h, /home/jrv/Research/RoboticArchitecture/abb_experimental_ws/devel/include/rosserial_msgs/RequestServiceInfoResponse.h)
Cleaning: (/home/jrv/Research/RoboticArchitecture/abb_experimental_ws/devel/.private/rosserial_msgs/include/rosserial_msgs/RequestServiceInfo.h, /home/jrv/Research/RoboticArchitecture/abb_experimental_ws/devel/include/rosserial_msgs/RequestServiceInfo.h)
Cleaning: (/home/jrv/Research/RoboticArchitecture/abb_experimental_ws/devel/.private/rosserial_msgs/include/rosserial_msgs/RequestParam.h, /home/jrv/Research/RoboticArchitecture/abb_experimental_ws/devel/include/rosserial_msgs/RequestParam.h)
Cleaning: (/home/jrv/Research/RoboticArchitecture/abb_experimental_ws/devel/.private/rosserial_msgs/include/rosserial_msgs/TopicInfo.h, /home/jrv/Research/RoboticArchitecture/abb_experimental_ws/devel/include/rosserial_msgs/TopicInfo.h)
Cleaning: (/home/jrv/Research/RoboticArchitecture/abb_experimental_ws/devel/.private/rosserial_msgs/include/rosserial_msgs/RequestParamRequest.h, /home/jrv/Research/RoboticArchitecture/abb_experimental_ws/devel/include/rosserial_msgs/RequestParamRequest.h)
Cleaning: (/home/jrv/Research/RoboticArchitecture/abb_experimental_ws/devel/.private/rosserial_msgs/include/rosserial_msgs/RequestMessageInfo.h, /home/jrv/Research/RoboticArchitecture/abb_experimental_ws/devel/include/rosserial_msgs/RequestMessageInfo.h)
Cleaning: (/home/jrv/Research/RoboticArchitecture/abb_experimental_ws/devel/.private/rosserial_msgs/share/common-lisp/ros/rosserial_msgs/srv/RequestMessageInfo.lisp, /home/jrv/Research/RoboticArchitecture/abb_experimental_ws/devel/share/common-lisp/ros/rosserial_msgs/srv/RequestMessageInfo.lisp)
Cleaning: (/home/jrv/Research/RoboticArchitecture/abb_experimental_ws/devel/.private/rosserial_msgs/share/common-lisp/ros/rosserial_msgs/srv/rosserial_msgs-srv.asd, /home/jrv/Research/RoboticArchitecture/abb_experimental_ws/devel/share/common-lisp/ros/rosserial_msgs/srv/rosserial_msgs-srv.asd)
Cleaning: (/home/jrv/Research/RoboticArchitecture/abb_experimental_ws/devel/.private/rosserial_msgs/share/common-lisp/ros/rosserial_msgs/srv/_package.lisp, /home/jrv/Research/RoboticArchitecture/abb_experimental_ws/devel/share/common-lisp/ros/rosserial_msgs/srv/_package.lisp)
Cleaning: (/home/jrv/Research/RoboticArchitecture/abb_experimental_ws/devel/.private/rosserial_msgs/share/common-lisp/ros/rosserial_msgs/srv/_package_RequestServiceInfo.lisp, /home/jrv/Research/RoboticArchitecture/abb_experimental_ws/devel/share/common-lisp/ros/rosserial_msgs/srv/_package_RequestServiceInfo.lisp)
Cleaning: (/home/jrv/Research/RoboticArchitecture/abb_experimental_ws/devel/.private/rosserial_msgs/share/common-lisp/ros/rosserial_msgs/srv/_package_RequestMessageInfo.lisp, /home/jrv/Research/RoboticArchitecture/abb_experimental_ws/devel/share/common-lisp/ros/rosserial_msgs/srv/_package_RequestMessageInfo.lisp)
Cleaning: (/home/jrv/Research/RoboticArchitecture/abb_experimental_ws/devel/.private/rosserial_msgs/share/common-lisp/ros/rosserial_msgs/srv/_package_RequestParam.lisp, /home/jrv/Research/RoboticArchitecture/abb_experimental_ws/devel/share/common-lisp/ros/rosserial_msgs/srv/_package_RequestParam.lisp)
Cleaning: (/home/jrv/Research/RoboticArchitecture/abb_experimental_ws/devel/.private/rosserial_msgs/share/common-lisp/ros/rosserial_msgs/srv/RequestParam.lisp, /home/jrv/Research/RoboticArchitecture/abb_experimental_ws/devel/share/common-lisp/ros/rosserial_msgs/srv/RequestParam.lisp)
Cleaning: (/home/jrv/Research/RoboticArchitecture/abb_experimental_ws/devel/.private/rosserial_msgs/share/common-lisp/ros/rosserial_msgs/srv/RequestServiceInfo.lisp, /home/jrv/Research/RoboticArchitecture/abb_experimental_ws/devel/share/common-lisp/ros/rosserial_msgs/srv/RequestServiceInfo.lisp)
Cleaning: (/home/jrv/Research/RoboticArchitecture/abb_experimental_ws/devel/.private/rosserial_msgs/share/common-lisp/ros/rosserial_msgs/msg/TopicInfo.lisp, /home/jrv/Research/RoboticArchitecture/abb_experimental_ws/devel/share/common-lisp/ros/rosserial_msgs/msg/TopicInfo.lisp)
Cleaning: (/home/jrv/Research/RoboticArchitecture/abb_experimental_ws/devel/.private/rosserial_msgs/share/common-lisp/ros/rosserial_msgs/msg/_package_Log.lisp, /home/jrv/Research/RoboticArchitecture/abb_experimental_ws/devel/share/common-lisp/ros/rosserial_msgs/msg/_package_Log.lisp)
Cleaning: (/home/jrv/Research/RoboticArchitecture/abb_experimental_ws/devel/.private/rosserial_msgs/share/common-lisp/ros/rosserial_msgs/msg/rosserial_msgs-msg.asd, /home/jrv/Research/RoboticArchitecture/abb_experimental_ws/devel/share/common-lisp/ros/rosserial_msgs/msg/rosserial_msgs-msg.asd)
Cleaning: (/home/jrv/Research/RoboticArchitecture/abb_experimental_ws/devel/.private/rosserial_msgs/share/common-lisp/ros/rosserial_msgs/msg/_package.lisp, /home/jrv/Research/RoboticArchitecture/abb_experimental_ws/devel/share/common-lisp/ros/rosserial_msgs/msg/_package.lisp)
Cleaning: (/home/jrv/Research/RoboticArchitecture/abb_experimental_ws/devel/.private/rosserial_msgs/share/common-lisp/ros/rosserial_msgs/msg/Log.lisp, /home/jrv/Research/RoboticArchitecture/abb_experimental_ws/devel/share/common-lisp/ros/rosserial_msgs/msg/Log.lisp)
Cleaning: (/home/jrv/Research/RoboticArchitecture/abb_experimental_ws/devel/.private/rosserial_msgs/share/common-lisp/ros/rosserial_msgs/msg/_package_TopicInfo.lisp, /home/jrv/Research/RoboticArchitecture/abb_experimental_ws/devel/share/common-lisp/ros/rosserial_msgs/msg/_package_TopicInfo.lisp)
Cleaning: (/home/jrv/Research/RoboticArchitecture/abb_experimental_ws/devel/.private/rosserial_msgs/share/gennodejs/ros/rosserial_msgs/_index.js, /home/jrv/Research/RoboticArchitecture/abb_experimental_ws/devel/share/gennodejs/ros/rosserial_msgs/_index.js)
Cleaning: (/home/jrv/Research/RoboticArchitecture/abb_experimental_ws/devel/.private/rosserial_msgs/share/gennodejs/ros/rosserial_msgs/srv/RequestMessageInfo.js, /home/jrv/Research/RoboticArchitecture/abb_experimental_ws/devel/share/gennodejs/ros/rosserial_msgs/srv/RequestMessageInfo.js)
Cleaning: (/home/jrv/Research/RoboticArchitecture/abb_experimental_ws/devel/.private/rosserial_msgs/share/gennodejs/ros/rosserial_msgs/srv/RequestParam.js, /home/jrv/Research/RoboticArchitecture/abb_experimental_ws/devel/share/gennodejs/ros/rosserial_msgs/srv/RequestParam.js)
Cleaning: (/home/jrv/Research/RoboticArchitecture/abb_experimental_ws/devel/.private/rosserial_msgs/share/gennodejs/ros/rosserial_msgs/srv/_index.js, /home/jrv/Research/RoboticArchitecture/abb_experimental_ws/devel/share/gennodejs/ros/rosserial_msgs/srv/_index.js)
Cleaning: (/home/jrv/Research/RoboticArchitecture/abb_experimental_ws/devel/.private/rosserial_msgs/share/gennodejs/ros/rosserial_msgs/srv/RequestServiceInfo.js, /home/jrv/Research/RoboticArchitecture/abb_experimental_ws/devel/share/gennodejs/ros/rosserial_msgs/srv/RequestServiceInfo.js)
Cleaning: (/home/jrv/Research/RoboticArchitecture/abb_experimental_ws/devel/.private/rosserial_msgs/share/gennodejs/ros/rosserial_msgs/msg/_index.js, /home/jrv/Research/RoboticArchitecture/abb_experimental_ws/devel/share/gennodejs/ros/rosserial_msgs/msg/_index.js)
Cleaning: (/home/jrv/Research/RoboticArchitecture/abb_experimental_ws/devel/.private/rosserial_msgs/share/gennodejs/ros/rosserial_msgs/msg/Log.js, /home/jrv/Research/RoboticArchitecture/abb_experimental_ws/devel/share/gennodejs/ros/rosserial_msgs/msg/Log.js)
Cleaning: (/home/jrv/Research/RoboticArchitecture/abb_experimental_ws/devel/.private/rosserial_msgs/share/gennodejs/ros/rosserial_msgs/msg/TopicInfo.js, /home/jrv/Research/RoboticArchitecture/abb_experimental_ws/devel/share/gennodejs/ros/rosserial_msgs/msg/TopicInfo.js)
Cleaning: (/home/jrv/Research/RoboticArchitecture/abb_experimental_ws/devel/.private/rosserial_msgs/share/roseus/ros/rosserial_msgs/manifest.l, /home/jrv/Research/RoboticArchitecture/abb_experimental_ws/devel/share/roseus/ros/rosserial_msgs/manifest.l)
Cleaning: (/home/jrv/Research/RoboticArchitecture/abb_experimental_ws/devel/.private/rosserial_msgs/share/roseus/ros/rosserial_msgs/srv/RequestServiceInfo.l, /home/jrv/Research/RoboticArchitecture/abb_experimental_ws/devel/share/roseus/ros/rosserial_msgs/srv/RequestServiceInfo.l)
Cleaning: (/home/jrv/Research/RoboticArchitecture/abb_experimental_ws/devel/.private/rosserial_msgs/share/roseus/ros/rosserial_msgs/srv/RequestParam.l, /home/jrv/Research/RoboticArchitecture/abb_experimental_ws/devel/share/roseus/ros/rosserial_msgs/srv/RequestParam.l)
Cleaning: (/home/jrv/Research/RoboticArchitecture/abb_experimental_ws/devel/.private/rosserial_msgs/share/roseus/ros/rosserial_msgs/srv/RequestMessageInfo.l, /home/jrv/Research/RoboticArchitecture/abb_experimental_ws/devel/share/roseus/ros/rosserial_msgs/srv/RequestMessageInfo.l)
Cleaning: (/home/jrv/Research/RoboticArchitecture/abb_experimental_ws/devel/.private/rosserial_msgs/share/roseus/ros/rosserial_msgs/msg/Log.l, /home/jrv/Research/RoboticArchitecture/abb_experimental_ws/devel/share/roseus/ros/rosserial_msgs/msg/Log.l)
Cleaning: (/home/jrv/Research/RoboticArchitecture/abb_experimental_ws/devel/.private/rosserial_msgs/share/roseus/ros/rosserial_msgs/msg/TopicInfo.l, /home/jrv/Research/RoboticArchitecture/abb_experimental_ws/devel/share/roseus/ros/rosserial_msgs/msg/TopicInfo.l)
Cleaning: (/home/jrv/Research/RoboticArchitecture/abb_experimental_ws/devel/.private/rosserial_msgs/share/rosserial_msgs/cmake/rosserial_msgsConfig.cmake, /home/jrv/Research/RoboticArchitecture/abb_experimental_ws/devel/share/rosserial_msgs/cmake/rosserial_msgsConfig.cmake)
Cleaning: (/home/jrv/Research/RoboticArchitecture/abb_experimental_ws/devel/.private/rosserial_msgs/share/rosserial_msgs/cmake/rosserial_msgsConfig-version.cmake, /home/jrv/Research/RoboticArchitecture/abb_experimental_ws/devel/share/rosserial_msgs/cmake/rosserial_msgsConfig-version.cmake)
Cleaning: (/home/jrv/Research/RoboticArchitecture/abb_experimental_ws/devel/.private/rosserial_msgs/share/rosserial_msgs/cmake/rosserial_msgs-msg-extras.cmake, /home/jrv/Research/RoboticArchitecture/abb_experimental_ws/devel/share/rosserial_msgs/cmake/rosserial_msgs-msg-extras.cmake)
Cleaning: (/home/jrv/Research/RoboticArchitecture/abb_experimental_ws/devel/.private/rosserial_msgs/share/rosserial_msgs/cmake/rosserial_msgs-msg-paths.cmake, /home/jrv/Research/RoboticArchitecture/abb_experimental_ws/devel/share/rosserial_msgs/cmake/rosserial_msgs-msg-paths.cmake)
Unlinking: /home/jrv/Research/RoboticArchitecture/abb_experimental_ws/devel/lib/pkgconfig/rosserial_msgs.pc
Already unlinked: {}
Unlinking: /home/jrv/Research/RoboticArchitecture/abb_experimental_ws/devel/lib/python2.7/dist-packages/rosserial_msgs/__init__.py
Already unlinked: {}
Unlinking: /home/jrv/Research/RoboticArchitecture/abb_experimental_ws/devel/lib/python2.7/dist-packages/rosserial_msgs/srv/_RequestServiceInfo.py
Already unlinked: {}
Unlinking: /home/jrv/Research/RoboticArchitecture/abb_experimental_ws/devel/lib/python2.7/dist-packages/rosserial_msgs/srv/_RequestMessageInfo.py
Already unlinked: {}
Unlinking: /home/jrv/Research/RoboticArchitecture/abb_experimental_ws/devel/lib/python2.7/dist-packages/rosserial_msgs/srv/__init__.py
Already unlinked: {}
Unlinking: /home/jrv/Research/RoboticArchitecture/abb_experimental_ws/devel/lib/python2.7/dist-packages/rosserial_msgs/srv/_RequestParam.py
Already unlinked: {}
Unlinking: /home/jrv/Research/RoboticArchitecture/abb_experimental_ws/devel/lib/python2.7/dist-packages/rosserial_msgs/msg/__init__.py
Already unlinked: {}
Unlinking: /home/jrv/Research/RoboticArchitecture/abb_experimental_ws/devel/lib/python2.7/dist-packages/rosserial_msgs/msg/_TopicInfo.py
Already unlinked: {}
Unlinking: /home/jrv/Research/RoboticArchitecture/abb_experimental_ws/devel/lib/python2.7/dist-packages/rosserial_msgs/msg/_Log.py
Already unlinked: {}
Unlinking: /home/jrv/Research/RoboticArchitecture/abb_experimental_ws/devel/include/rosserial_msgs/Log.h
Already unlinked: {}
Unlinking: /home/jrv/Research/RoboticArchitecture/abb_experimental_ws/devel/include/rosserial_msgs/RequestMessageInfoResponse.h
Already unlinked: {}
Unlinking: /home/jrv/Research/RoboticArchitecture/abb_experimental_ws/devel/include/rosserial_msgs/RequestParamResponse.h
Already unlinked: {}
Unlinking: /home/jrv/Research/RoboticArchitecture/abb_experimental_ws/devel/include/rosserial_msgs/RequestServiceInfoRequest.h
Already unlinked: {}
Unlinking: /home/jrv/Research/RoboticArchitecture/abb_experimental_ws/devel/include/rosserial_msgs/RequestMessageInfoRequest.h
Already unlinked: {}
Unlinking: /home/jrv/Research/RoboticArchitecture/abb_experimental_ws/devel/include/rosserial_msgs/RequestServiceInfoResponse.h
Already unlinked: {}
Unlinking: /home/jrv/Research/RoboticArchitecture/abb_experimental_ws/devel/include/rosserial_msgs/RequestServiceInfo.h
Already unlinked: {}
Unlinking: /home/jrv/Research/RoboticArchitecture/abb_experimental_ws/devel/include/rosserial_msgs/RequestParam.h
Already unlinked: {}
Unlinking: /home/jrv/Research/RoboticArchitecture/abb_experimental_ws/devel/include/rosserial_msgs/TopicInfo.h
Already unlinked: {}
Unlinking: /home/jrv/Research/RoboticArchitecture/abb_experimental_ws/devel/include/rosserial_msgs/RequestParamRequest.h
Already unlinked: {}
Unlinking: /home/jrv/Research/RoboticArchitecture/abb_experimental_ws/devel/include/rosserial_msgs/RequestMessageInfo.h
Already unlinked: {}
Unlinking: /home/jrv/Research/RoboticArchitecture/abb_experimental_ws/devel/share/common-lisp/ros/rosserial_msgs/srv/RequestMessageInfo.lisp
Already unlinked: {}
Unlinking: /home/jrv/Research/RoboticArchitecture/abb_experimental_ws/devel/share/common-lisp/ros/rosserial_msgs/srv/rosserial_msgs-srv.asd
Already unlinked: {}
Unlinking: /home/jrv/Research/RoboticArchitecture/abb_experimental_ws/devel/share/common-lisp/ros/rosserial_msgs/srv/_package.lisp
Already unlinked: {}
Unlinking: /home/jrv/Research/RoboticArchitecture/abb_experimental_ws/devel/share/common-lisp/ros/rosserial_msgs/srv/_package_RequestServiceInfo.lisp
Already unlinked: {}
Unlinking: /home/jrv/Research/RoboticArchitecture/abb_experimental_ws/devel/share/common-lisp/ros/rosserial_msgs/srv/_package_RequestMessageInfo.lisp
Already unlinked: {}
Unlinking: /home/jrv/Research/RoboticArchitecture/abb_experimental_ws/devel/share/common-lisp/ros/rosserial_msgs/srv/_package_RequestParam.lisp
Already unlinked: {}
Unlinking: /home/jrv/Research/RoboticArchitecture/abb_experimental_ws/devel/share/common-lisp/ros/rosserial_msgs/srv/RequestParam.lisp
Already unlinked: {}
Unlinking: /home/jrv/Research/RoboticArchitecture/abb_experimental_ws/devel/share/common-lisp/ros/rosserial_msgs/srv/RequestServiceInfo.lisp
Already unlinked: {}
Unlinking: /home/jrv/Research/RoboticArchitecture/abb_experimental_ws/devel/share/common-lisp/ros/rosserial_msgs/msg/TopicInfo.lisp
Already unlinked: {}
Unlinking: /home/jrv/Research/RoboticArchitecture/abb_experimental_ws/devel/share/common-lisp/ros/rosserial_msgs/msg/_package_Log.lisp
Already unlinked: {}
Unlinking: /home/jrv/Research/RoboticArchitecture/abb_experimental_ws/devel/share/common-lisp/ros/rosserial_msgs/msg/rosserial_msgs-msg.asd
Already unlinked: {}
Unlinking: /home/jrv/Research/RoboticArchitecture/abb_experimental_ws/devel/share/common-lisp/ros/rosserial_msgs/msg/_package.lisp
Already unlinked: {}
Unlinking: /home/jrv/Research/RoboticArchitecture/abb_experimental_ws/devel/share/common-lisp/ros/rosserial_msgs/msg/Log.lisp
Already unlinked: {}
Unlinking: /home/jrv/Research/RoboticArchitecture/abb_experimental_ws/devel/share/common-lisp/ros/rosserial_msgs/msg/_package_TopicInfo.lisp
Already unlinked: {}
Unlinking: /home/jrv/Research/RoboticArchitecture/abb_experimental_ws/devel/share/gennodejs/ros/rosserial_msgs/_index.js
Already unlinked: {}
Unlinking: /home/jrv/Research/RoboticArchitecture/abb_experimental_ws/devel/share/gennodejs/ros/rosserial_msgs/srv/RequestMessageInfo.js
Already unlinked: {}
Unlinking: /home/jrv/Research/RoboticArchitecture/abb_experimental_ws/devel/share/gennodejs/ros/rosserial_msgs/srv/RequestParam.js
Already unlinked: {}
Unlinking: /home/jrv/Research/RoboticArchitecture/abb_experimental_ws/devel/share/gennodejs/ros/rosserial_msgs/srv/_index.js
Already unlinked: {}
Unlinking: /home/jrv/Research/RoboticArchitecture/abb_experimental_ws/devel/share/gennodejs/ros/rosserial_msgs/srv/RequestServiceInfo.js
Already unlinked: {}
Unlinking: /home/jrv/Research/RoboticArchitecture/abb_experimental_ws/devel/share/gennodejs/ros/rosserial_msgs/msg/_index.js
Already unlinked: {}
Unlinking: /home/jrv/Research/RoboticArchitecture/abb_experimental_ws/devel/share/gennodejs/ros/rosserial_msgs/msg/Log.js
Already unlinked: {}
Unlinking: /home/jrv/Research/RoboticArchitecture/abb_experimental_ws/devel/share/gennodejs/ros/rosserial_msgs/msg/TopicInfo.js
Already unlinked: {}
Unlinking: /home/jrv/Research/RoboticArchitecture/abb_experimental_ws/devel/share/roseus/ros/rosserial_msgs/manifest.l
Already unlinked: {}
Unlinking: /home/jrv/Research/RoboticArchitecture/abb_experimental_ws/devel/share/roseus/ros/rosserial_msgs/srv/RequestServiceInfo.l
Already unlinked: {}
Unlinking: /home/jrv/Research/RoboticArchitecture/abb_experimental_ws/devel/share/roseus/ros/rosserial_msgs/srv/RequestParam.l
Already unlinked: {}
Unlinking: /home/jrv/Research/RoboticArchitecture/abb_experimental_ws/devel/share/roseus/ros/rosserial_msgs/srv/RequestMessageInfo.l
Already unlinked: {}
Unlinking: /home/jrv/Research/RoboticArchitecture/abb_experimental_ws/devel/share/roseus/ros/rosserial_msgs/msg/Log.l
Already unlinked: {}
Unlinking: /home/jrv/Research/RoboticArchitecture/abb_experimental_ws/devel/share/roseus/ros/rosserial_msgs/msg/TopicInfo.l
Already unlinked: {}
Unlinking: /home/jrv/Research/RoboticArchitecture/abb_experimental_ws/devel/share/rosserial_msgs/cmake/rosserial_msgsConfig.cmake
Already unlinked: {}
Unlinking: /home/jrv/Research/RoboticArchitecture/abb_experimental_ws/devel/share/rosserial_msgs/cmake/rosserial_msgsConfig-version.cmake
Already unlinked: {}
Unlinking: /home/jrv/Research/RoboticArchitecture/abb_experimental_ws/devel/share/rosserial_msgs/cmake/rosserial_msgs-msg-extras.cmake
Already unlinked: {}
Unlinking: /home/jrv/Research/RoboticArchitecture/abb_experimental_ws/devel/share/rosserial_msgs/cmake/rosserial_msgs-msg-paths.cmake
Already unlinked: {}
