Symlinking /home/jrv/Research/RoboticArcitecture/abb_experimental_ws/devel/lib/pkgconfig/rosserial_arduino.pc
Symlinking /home/jrv/Research/RoboticArcitecture/abb_experimental_ws/devel/lib/python2.7/dist-packages/rosserial_arduino/__init__.py
Symlinking /home/jrv/Research/RoboticArcitecture/abb_experimental_ws/devel/lib/python2.7/dist-packages/rosserial_arduino/srv/__init__.py
Symlinking /home/jrv/Research/RoboticArcitecture/abb_experimental_ws/devel/lib/python2.7/dist-packages/rosserial_arduino/srv/_Test.py
Symlinking /home/jrv/Research/RoboticArcitecture/abb_experimental_ws/devel/lib/python2.7/dist-packages/rosserial_arduino/msg/__init__.py
Symlinking /home/jrv/Research/RoboticArcitecture/abb_experimental_ws/devel/lib/python2.7/dist-packages/rosserial_arduino/msg/_Adc.py
Symlinking /home/jrv/Research/RoboticArcitecture/abb_experimental_ws/devel/include/rosserial_arduino/Test.h
Symlinking /home/jrv/Research/RoboticArcitecture/abb_experimental_ws/devel/include/rosserial_arduino/TestRequest.h
Symlinking /home/jrv/Research/RoboticArcitecture/abb_experimental_ws/devel/include/rosserial_arduino/TestResponse.h
Symlinking /home/jrv/Research/RoboticArcitecture/abb_experimental_ws/devel/include/rosserial_arduino/Adc.h
Symlinking /home/jrv/Research/RoboticArcitecture/abb_experimental_ws/devel/share/common-lisp/ros/rosserial_arduino/srv/_package.lisp
Symlinking /home/jrv/Research/RoboticArcitecture/abb_experimental_ws/devel/share/common-lisp/ros/rosserial_arduino/srv/_package_Test.lisp
Symlinking /home/jrv/Research/RoboticArcitecture/abb_experimental_ws/devel/share/common-lisp/ros/rosserial_arduino/srv/Test.lisp
Symlinking /home/jrv/Research/RoboticArcitecture/abb_experimental_ws/devel/share/common-lisp/ros/rosserial_arduino/srv/rosserial_arduino-srv.asd
Symlinking /home/jrv/Research/RoboticArcitecture/abb_experimental_ws/devel/share/common-lisp/ros/rosserial_arduino/msg/rosserial_arduino-msg.asd
Symlinking /home/jrv/Research/RoboticArcitecture/abb_experimental_ws/devel/share/common-lisp/ros/rosserial_arduino/msg/_package.lisp
Symlinking /home/jrv/Research/RoboticArcitecture/abb_experimental_ws/devel/share/common-lisp/ros/rosserial_arduino/msg/_package_Adc.lisp
Symlinking /home/jrv/Research/RoboticArcitecture/abb_experimental_ws/devel/share/common-lisp/ros/rosserial_arduino/msg/Adc.lisp
Symlinking /home/jrv/Research/RoboticArcitecture/abb_experimental_ws/devel/share/gennodejs/ros/rosserial_arduino/_index.js
Symlinking /home/jrv/Research/RoboticArcitecture/abb_experimental_ws/devel/share/gennodejs/ros/rosserial_arduino/srv/Test.js
Symlinking /home/jrv/Research/RoboticArcitecture/abb_experimental_ws/devel/share/gennodejs/ros/rosserial_arduino/srv/_index.js
Symlinking /home/jrv/Research/RoboticArcitecture/abb_experimental_ws/devel/share/gennodejs/ros/rosserial_arduino/msg/_index.js
Symlinking /home/jrv/Research/RoboticArcitecture/abb_experimental_ws/devel/share/gennodejs/ros/rosserial_arduino/msg/Adc.js
Symlinking /home/jrv/Research/RoboticArcitecture/abb_experimental_ws/devel/share/roseus/ros/rosserial_arduino/manifest.l
Symlinking /home/jrv/Research/RoboticArcitecture/abb_experimental_ws/devel/share/roseus/ros/rosserial_arduino/srv/Test.l
Symlinking /home/jrv/Research/RoboticArcitecture/abb_experimental_ws/devel/share/roseus/ros/rosserial_arduino/msg/Adc.l
Symlinking /home/jrv/Research/RoboticArcitecture/abb_experimental_ws/devel/share/rosserial_arduino/cmake/rosserial_arduinoConfig-version.cmake
Symlinking /home/jrv/Research/RoboticArcitecture/abb_experimental_ws/devel/share/rosserial_arduino/cmake/rosserial_arduino-msg-extras.cmake
Symlinking /home/jrv/Research/RoboticArcitecture/abb_experimental_ws/devel/share/rosserial_arduino/cmake/rosserial_arduino-extras.cmake
Symlinking /home/jrv/Research/RoboticArcitecture/abb_experimental_ws/devel/share/rosserial_arduino/cmake/rosserial_arduinoConfig.cmake
Symlinking /home/jrv/Research/RoboticArcitecture/abb_experimental_ws/devel/share/rosserial_arduino/cmake/rosserial_arduino-msg-paths.cmake
Cleaning: (/home/jrv/Research/RoboticArchitecture/abb_experimental_ws/devel/.private/rosserial_arduino/lib/pkgconfig/rosserial_arduino.pc, /home/jrv/Research/RoboticArchitecture/abb_experimental_ws/devel/lib/pkgconfig/rosserial_arduino.pc)
Cleaning: (/home/jrv/Research/RoboticArchitecture/abb_experimental_ws/devel/.private/rosserial_arduino/lib/python2.7/dist-packages/rosserial_arduino/__init__.py, /home/jrv/Research/RoboticArchitecture/abb_experimental_ws/devel/lib/python2.7/dist-packages/rosserial_arduino/__init__.py)
Cleaning: (/home/jrv/Research/RoboticArchitecture/abb_experimental_ws/devel/.private/rosserial_arduino/lib/python2.7/dist-packages/rosserial_arduino/srv/__init__.py, /home/jrv/Research/RoboticArchitecture/abb_experimental_ws/devel/lib/python2.7/dist-packages/rosserial_arduino/srv/__init__.py)
Cleaning: (/home/jrv/Research/RoboticArchitecture/abb_experimental_ws/devel/.private/rosserial_arduino/lib/python2.7/dist-packages/rosserial_arduino/srv/_Test.py, /home/jrv/Research/RoboticArchitecture/abb_experimental_ws/devel/lib/python2.7/dist-packages/rosserial_arduino/srv/_Test.py)
Cleaning: (/home/jrv/Research/RoboticArchitecture/abb_experimental_ws/devel/.private/rosserial_arduino/lib/python2.7/dist-packages/rosserial_arduino/msg/__init__.py, /home/jrv/Research/RoboticArchitecture/abb_experimental_ws/devel/lib/python2.7/dist-packages/rosserial_arduino/msg/__init__.py)
Cleaning: (/home/jrv/Research/RoboticArchitecture/abb_experimental_ws/devel/.private/rosserial_arduino/lib/python2.7/dist-packages/rosserial_arduino/msg/_Adc.py, /home/jrv/Research/RoboticArchitecture/abb_experimental_ws/devel/lib/python2.7/dist-packages/rosserial_arduino/msg/_Adc.py)
Cleaning: (/home/jrv/Research/RoboticArchitecture/abb_experimental_ws/devel/.private/rosserial_arduino/include/rosserial_arduino/Test.h, /home/jrv/Research/RoboticArchitecture/abb_experimental_ws/devel/include/rosserial_arduino/Test.h)
Cleaning: (/home/jrv/Research/RoboticArchitecture/abb_experimental_ws/devel/.private/rosserial_arduino/include/rosserial_arduino/TestRequest.h, /home/jrv/Research/RoboticArchitecture/abb_experimental_ws/devel/include/rosserial_arduino/TestRequest.h)
Cleaning: (/home/jrv/Research/RoboticArchitecture/abb_experimental_ws/devel/.private/rosserial_arduino/include/rosserial_arduino/TestResponse.h, /home/jrv/Research/RoboticArchitecture/abb_experimental_ws/devel/include/rosserial_arduino/TestResponse.h)
Cleaning: (/home/jrv/Research/RoboticArchitecture/abb_experimental_ws/devel/.private/rosserial_arduino/include/rosserial_arduino/Adc.h, /home/jrv/Research/RoboticArchitecture/abb_experimental_ws/devel/include/rosserial_arduino/Adc.h)
Cleaning: (/home/jrv/Research/RoboticArchitecture/abb_experimental_ws/devel/.private/rosserial_arduino/share/common-lisp/ros/rosserial_arduino/srv/_package.lisp, /home/jrv/Research/RoboticArchitecture/abb_experimental_ws/devel/share/common-lisp/ros/rosserial_arduino/srv/_package.lisp)
Cleaning: (/home/jrv/Research/RoboticArchitecture/abb_experimental_ws/devel/.private/rosserial_arduino/share/common-lisp/ros/rosserial_arduino/srv/_package_Test.lisp, /home/jrv/Research/RoboticArchitecture/abb_experimental_ws/devel/share/common-lisp/ros/rosserial_arduino/srv/_package_Test.lisp)
Cleaning: (/home/jrv/Research/RoboticArchitecture/abb_experimental_ws/devel/.private/rosserial_arduino/share/common-lisp/ros/rosserial_arduino/srv/Test.lisp, /home/jrv/Research/RoboticArchitecture/abb_experimental_ws/devel/share/common-lisp/ros/rosserial_arduino/srv/Test.lisp)
Cleaning: (/home/jrv/Research/RoboticArchitecture/abb_experimental_ws/devel/.private/rosserial_arduino/share/common-lisp/ros/rosserial_arduino/srv/rosserial_arduino-srv.asd, /home/jrv/Research/RoboticArchitecture/abb_experimental_ws/devel/share/common-lisp/ros/rosserial_arduino/srv/rosserial_arduino-srv.asd)
Cleaning: (/home/jrv/Research/RoboticArchitecture/abb_experimental_ws/devel/.private/rosserial_arduino/share/common-lisp/ros/rosserial_arduino/msg/rosserial_arduino-msg.asd, /home/jrv/Research/RoboticArchitecture/abb_experimental_ws/devel/share/common-lisp/ros/rosserial_arduino/msg/rosserial_arduino-msg.asd)
Cleaning: (/home/jrv/Research/RoboticArchitecture/abb_experimental_ws/devel/.private/rosserial_arduino/share/common-lisp/ros/rosserial_arduino/msg/_package.lisp, /home/jrv/Research/RoboticArchitecture/abb_experimental_ws/devel/share/common-lisp/ros/rosserial_arduino/msg/_package.lisp)
Cleaning: (/home/jrv/Research/RoboticArchitecture/abb_experimental_ws/devel/.private/rosserial_arduino/share/common-lisp/ros/rosserial_arduino/msg/_package_Adc.lisp, /home/jrv/Research/RoboticArchitecture/abb_experimental_ws/devel/share/common-lisp/ros/rosserial_arduino/msg/_package_Adc.lisp)
Cleaning: (/home/jrv/Research/RoboticArchitecture/abb_experimental_ws/devel/.private/rosserial_arduino/share/common-lisp/ros/rosserial_arduino/msg/Adc.lisp, /home/jrv/Research/RoboticArchitecture/abb_experimental_ws/devel/share/common-lisp/ros/rosserial_arduino/msg/Adc.lisp)
Cleaning: (/home/jrv/Research/RoboticArchitecture/abb_experimental_ws/devel/.private/rosserial_arduino/share/gennodejs/ros/rosserial_arduino/_index.js, /home/jrv/Research/RoboticArchitecture/abb_experimental_ws/devel/share/gennodejs/ros/rosserial_arduino/_index.js)
Cleaning: (/home/jrv/Research/RoboticArchitecture/abb_experimental_ws/devel/.private/rosserial_arduino/share/gennodejs/ros/rosserial_arduino/srv/Test.js, /home/jrv/Research/RoboticArchitecture/abb_experimental_ws/devel/share/gennodejs/ros/rosserial_arduino/srv/Test.js)
Cleaning: (/home/jrv/Research/RoboticArchitecture/abb_experimental_ws/devel/.private/rosserial_arduino/share/gennodejs/ros/rosserial_arduino/srv/_index.js, /home/jrv/Research/RoboticArchitecture/abb_experimental_ws/devel/share/gennodejs/ros/rosserial_arduino/srv/_index.js)
Cleaning: (/home/jrv/Research/RoboticArchitecture/abb_experimental_ws/devel/.private/rosserial_arduino/share/gennodejs/ros/rosserial_arduino/msg/_index.js, /home/jrv/Research/RoboticArchitecture/abb_experimental_ws/devel/share/gennodejs/ros/rosserial_arduino/msg/_index.js)
Cleaning: (/home/jrv/Research/RoboticArchitecture/abb_experimental_ws/devel/.private/rosserial_arduino/share/gennodejs/ros/rosserial_arduino/msg/Adc.js, /home/jrv/Research/RoboticArchitecture/abb_experimental_ws/devel/share/gennodejs/ros/rosserial_arduino/msg/Adc.js)
Cleaning: (/home/jrv/Research/RoboticArchitecture/abb_experimental_ws/devel/.private/rosserial_arduino/share/roseus/ros/rosserial_arduino/manifest.l, /home/jrv/Research/RoboticArchitecture/abb_experimental_ws/devel/share/roseus/ros/rosserial_arduino/manifest.l)
Cleaning: (/home/jrv/Research/RoboticArchitecture/abb_experimental_ws/devel/.private/rosserial_arduino/share/roseus/ros/rosserial_arduino/srv/Test.l, /home/jrv/Research/RoboticArchitecture/abb_experimental_ws/devel/share/roseus/ros/rosserial_arduino/srv/Test.l)
Cleaning: (/home/jrv/Research/RoboticArchitecture/abb_experimental_ws/devel/.private/rosserial_arduino/share/roseus/ros/rosserial_arduino/msg/Adc.l, /home/jrv/Research/RoboticArchitecture/abb_experimental_ws/devel/share/roseus/ros/rosserial_arduino/msg/Adc.l)
Cleaning: (/home/jrv/Research/RoboticArchitecture/abb_experimental_ws/devel/.private/rosserial_arduino/share/rosserial_arduino/cmake/rosserial_arduinoConfig-version.cmake, /home/jrv/Research/RoboticArchitecture/abb_experimental_ws/devel/share/rosserial_arduino/cmake/rosserial_arduinoConfig-version.cmake)
Cleaning: (/home/jrv/Research/RoboticArchitecture/abb_experimental_ws/devel/.private/rosserial_arduino/share/rosserial_arduino/cmake/rosserial_arduino-msg-extras.cmake, /home/jrv/Research/RoboticArchitecture/abb_experimental_ws/devel/share/rosserial_arduino/cmake/rosserial_arduino-msg-extras.cmake)
Cleaning: (/home/jrv/Research/RoboticArchitecture/abb_experimental_ws/devel/.private/rosserial_arduino/share/rosserial_arduino/cmake/rosserial_arduino-extras.cmake, /home/jrv/Research/RoboticArchitecture/abb_experimental_ws/devel/share/rosserial_arduino/cmake/rosserial_arduino-extras.cmake)
Cleaning: (/home/jrv/Research/RoboticArchitecture/abb_experimental_ws/devel/.private/rosserial_arduino/share/rosserial_arduino/cmake/rosserial_arduinoConfig.cmake, /home/jrv/Research/RoboticArchitecture/abb_experimental_ws/devel/share/rosserial_arduino/cmake/rosserial_arduinoConfig.cmake)
Cleaning: (/home/jrv/Research/RoboticArchitecture/abb_experimental_ws/devel/.private/rosserial_arduino/share/rosserial_arduino/cmake/rosserial_arduino-msg-paths.cmake, /home/jrv/Research/RoboticArchitecture/abb_experimental_ws/devel/share/rosserial_arduino/cmake/rosserial_arduino-msg-paths.cmake)
Unlinking: /home/jrv/Research/RoboticArchitecture/abb_experimental_ws/devel/lib/pkgconfig/rosserial_arduino.pc
Already unlinked: {}
Unlinking: /home/jrv/Research/RoboticArchitecture/abb_experimental_ws/devel/lib/python2.7/dist-packages/rosserial_arduino/__init__.py
Already unlinked: {}
Unlinking: /home/jrv/Research/RoboticArchitecture/abb_experimental_ws/devel/lib/python2.7/dist-packages/rosserial_arduino/srv/__init__.py
Already unlinked: {}
Unlinking: /home/jrv/Research/RoboticArchitecture/abb_experimental_ws/devel/lib/python2.7/dist-packages/rosserial_arduino/srv/_Test.py
Already unlinked: {}
Unlinking: /home/jrv/Research/RoboticArchitecture/abb_experimental_ws/devel/lib/python2.7/dist-packages/rosserial_arduino/msg/__init__.py
Already unlinked: {}
Unlinking: /home/jrv/Research/RoboticArchitecture/abb_experimental_ws/devel/lib/python2.7/dist-packages/rosserial_arduino/msg/_Adc.py
Already unlinked: {}
Unlinking: /home/jrv/Research/RoboticArchitecture/abb_experimental_ws/devel/include/rosserial_arduino/Test.h
Already unlinked: {}
Unlinking: /home/jrv/Research/RoboticArchitecture/abb_experimental_ws/devel/include/rosserial_arduino/TestRequest.h
Already unlinked: {}
Unlinking: /home/jrv/Research/RoboticArchitecture/abb_experimental_ws/devel/include/rosserial_arduino/TestResponse.h
Already unlinked: {}
Unlinking: /home/jrv/Research/RoboticArchitecture/abb_experimental_ws/devel/include/rosserial_arduino/Adc.h
Already unlinked: {}
Unlinking: /home/jrv/Research/RoboticArchitecture/abb_experimental_ws/devel/share/common-lisp/ros/rosserial_arduino/srv/_package.lisp
Already unlinked: {}
Unlinking: /home/jrv/Research/RoboticArchitecture/abb_experimental_ws/devel/share/common-lisp/ros/rosserial_arduino/srv/_package_Test.lisp
Already unlinked: {}
Unlinking: /home/jrv/Research/RoboticArchitecture/abb_experimental_ws/devel/share/common-lisp/ros/rosserial_arduino/srv/Test.lisp
Already unlinked: {}
Unlinking: /home/jrv/Research/RoboticArchitecture/abb_experimental_ws/devel/share/common-lisp/ros/rosserial_arduino/srv/rosserial_arduino-srv.asd
Already unlinked: {}
Unlinking: /home/jrv/Research/RoboticArchitecture/abb_experimental_ws/devel/share/common-lisp/ros/rosserial_arduino/msg/rosserial_arduino-msg.asd
Already unlinked: {}
Unlinking: /home/jrv/Research/RoboticArchitecture/abb_experimental_ws/devel/share/common-lisp/ros/rosserial_arduino/msg/_package.lisp
Already unlinked: {}
Unlinking: /home/jrv/Research/RoboticArchitecture/abb_experimental_ws/devel/share/common-lisp/ros/rosserial_arduino/msg/_package_Adc.lisp
Already unlinked: {}
Unlinking: /home/jrv/Research/RoboticArchitecture/abb_experimental_ws/devel/share/common-lisp/ros/rosserial_arduino/msg/Adc.lisp
Already unlinked: {}
Unlinking: /home/jrv/Research/RoboticArchitecture/abb_experimental_ws/devel/share/gennodejs/ros/rosserial_arduino/_index.js
Already unlinked: {}
Unlinking: /home/jrv/Research/RoboticArchitecture/abb_experimental_ws/devel/share/gennodejs/ros/rosserial_arduino/srv/Test.js
Already unlinked: {}
Unlinking: /home/jrv/Research/RoboticArchitecture/abb_experimental_ws/devel/share/gennodejs/ros/rosserial_arduino/srv/_index.js
Already unlinked: {}
Unlinking: /home/jrv/Research/RoboticArchitecture/abb_experimental_ws/devel/share/gennodejs/ros/rosserial_arduino/msg/_index.js
Already unlinked: {}
Unlinking: /home/jrv/Research/RoboticArchitecture/abb_experimental_ws/devel/share/gennodejs/ros/rosserial_arduino/msg/Adc.js
Already unlinked: {}
Unlinking: /home/jrv/Research/RoboticArchitecture/abb_experimental_ws/devel/share/roseus/ros/rosserial_arduino/manifest.l
Already unlinked: {}
Unlinking: /home/jrv/Research/RoboticArchitecture/abb_experimental_ws/devel/share/roseus/ros/rosserial_arduino/srv/Test.l
Already unlinked: {}
Unlinking: /home/jrv/Research/RoboticArchitecture/abb_experimental_ws/devel/share/roseus/ros/rosserial_arduino/msg/Adc.l
Already unlinked: {}
Unlinking: /home/jrv/Research/RoboticArchitecture/abb_experimental_ws/devel/share/rosserial_arduino/cmake/rosserial_arduinoConfig-version.cmake
Already unlinked: {}
Unlinking: /home/jrv/Research/RoboticArchitecture/abb_experimental_ws/devel/share/rosserial_arduino/cmake/rosserial_arduino-msg-extras.cmake
Already unlinked: {}
Unlinking: /home/jrv/Research/RoboticArchitecture/abb_experimental_ws/devel/share/rosserial_arduino/cmake/rosserial_arduino-extras.cmake
Already unlinked: {}
Unlinking: /home/jrv/Research/RoboticArchitecture/abb_experimental_ws/devel/share/rosserial_arduino/cmake/rosserial_arduinoConfig.cmake
Already unlinked: {}
Unlinking: /home/jrv/Research/RoboticArchitecture/abb_experimental_ws/devel/share/rosserial_arduino/cmake/rosserial_arduino-msg-paths.cmake
Already unlinked: {}
